<?xml version="1.0" encoding="UTF-8"?>
<testsuite xmlns:xsi="http://www.w3.org/2001/XMLSchema-instance" xsi:noNamespaceSchemaLocation="https://maven.apache.org/surefire/maven-surefire-plugin/xsd/surefire-test-report.xsd" name="com.jailson.learningspringboot.LearningSpringBootApplicationTests" time="1.745" tests="1" errors="0" skipped="0" failures="0">
  <properties>
    <property name="java.specification.version" value="17"/>
    <property name="sun.jnu.encoding" value="UTF-8"/>
    <property name="java.class.path" value="/home/jailson_anjos/Documents/learning-spring-boot/target/test-classes:/home/jailson_anjos/Documents/learning-spring-boot/target/classes:/home/jailson_anjos/.m2/repository/org/springframework/boot/spring-boot-starter-jersey/3.0.0/spring-boot-starter-jersey-3.0.0.jar:/home/jailson_anjos/.m2/repository/org/springframework/boot/spring-boot-starter-json/3.0.0/spring-boot-starter-json-3.0.0.jar:/home/jailson_anjos/.m2/repository/com/fasterxml/jackson/core/jackson-databind/2.14.1/jackson-databind-2.14.1.jar:/home/jailson_anjos/.m2/repository/com/fasterxml/jackson/core/jackson-core/2.14.1/jackson-core-2.14.1.jar:/home/jailson_anjos/.m2/repository/com/fasterxml/jackson/datatype/jackson-datatype-jdk8/2.14.1/jackson-datatype-jdk8-2.14.1.jar:/home/jailson_anjos/.m2/repository/com/fasterxml/jackson/datatype/jackson-datatype-jsr310/2.14.1/jackson-datatype-jsr310-2.14.1.jar:/home/jailson_anjos/.m2/repository/com/fasterxml/jackson/module/jackson-module-parameter-names/2.14.1/jackson-module-parameter-names-2.14.1.jar:/home/jailson_anjos/.m2/repository/org/springframework/boot/spring-boot-starter-tomcat/3.0.0/spring-boot-starter-tomcat-3.0.0.jar:/home/jailson_anjos/.m2/repository/jakarta/annotation/jakarta.annotation-api/2.1.1/jakarta.annotation-api-2.1.1.jar:/home/jailson_anjos/.m2/repository/org/apache/tomcat/embed/tomcat-embed-core/10.1.1/tomcat-embed-core-10.1.1.jar:/home/jailson_anjos/.m2/repository/org/apache/tomcat/embed/tomcat-embed-el/10.1.1/tomcat-embed-el-10.1.1.jar:/home/jailson_anjos/.m2/repository/org/apache/tomcat/embed/tomcat-embed-websocket/10.1.1/tomcat-embed-websocket-10.1.1.jar:/home/jailson_anjos/.m2/repository/org/springframework/boot/spring-boot-starter-validation/3.0.0/spring-boot-starter-validation-3.0.0.jar:/home/jailson_anjos/.m2/repository/org/hibernate/validator/hibernate-validator/8.0.0.Final/hibernate-validator-8.0.0.Final.jar:/home/jailson_anjos/.m2/repository/org/jboss/logging/jboss-logging/3.5.0.Final/jboss-logging-3.5.0.Final.jar:/home/jailson_anjos/.m2/repository/com/fasterxml/classmate/1.5.1/classmate-1.5.1.jar:/home/jailson_anjos/.m2/repository/org/springframework/spring-web/6.0.2/spring-web-6.0.2.jar:/home/jailson_anjos/.m2/repository/org/springframework/spring-beans/6.0.2/spring-beans-6.0.2.jar:/home/jailson_anjos/.m2/repository/io/micrometer/micrometer-observation/1.10.2/micrometer-observation-1.10.2.jar:/home/jailson_anjos/.m2/repository/io/micrometer/micrometer-commons/1.10.2/micrometer-commons-1.10.2.jar:/home/jailson_anjos/.m2/repository/org/glassfish/jersey/containers/jersey-container-servlet-core/3.1.0/jersey-container-servlet-core-3.1.0.jar:/home/jailson_anjos/.m2/repository/jakarta/inject/jakarta.inject-api/2.0.1/jakarta.inject-api-2.0.1.jar:/home/jailson_anjos/.m2/repository/org/glassfish/jersey/core/jersey-common/3.1.0/jersey-common-3.1.0.jar:/home/jailson_anjos/.m2/repository/org/glassfish/hk2/osgi-resource-locator/1.0.3/osgi-resource-locator-1.0.3.jar:/home/jailson_anjos/.m2/repository/jakarta/ws/rs/jakarta.ws.rs-api/3.1.0/jakarta.ws.rs-api-3.1.0.jar:/home/jailson_anjos/.m2/repository/org/glassfish/jersey/containers/jersey-container-servlet/3.1.0/jersey-container-servlet-3.1.0.jar:/home/jailson_anjos/.m2/repository/org/glassfish/jersey/core/jersey-server/3.1.0/jersey-server-3.1.0.jar:/home/jailson_anjos/.m2/repository/org/glassfish/jersey/core/jersey-client/3.1.0/jersey-client-3.1.0.jar:/home/jailson_anjos/.m2/repository/jakarta/validation/jakarta.validation-api/3.0.2/jakarta.validation-api-3.0.2.jar:/home/jailson_anjos/.m2/repository/org/glassfish/jersey/ext/jersey-bean-validation/3.1.0/jersey-bean-validation-3.1.0.jar:/home/jailson_anjos/.m2/repository/org/glassfish/jersey/ext/jersey-spring6/3.1.0/jersey-spring6-3.1.0.jar:/home/jailson_anjos/.m2/repository/org/glassfish/jersey/inject/jersey-hk2/3.1.0/jersey-hk2-3.1.0.jar:/home/jailson_anjos/.m2/repository/org/glassfish/hk2/hk2-locator/3.0.3/hk2-locator-3.0.3.jar:/home/jailson_anjos/.m2/repository/org/glassfish/hk2/external/aopalliance-repackaged/3.0.3/aopalliance-repackaged-3.0.3.jar:/home/jailson_anjos/.m2/repository/org/javassist/javassist/3.28.0-GA/javassist-3.28.0-GA.jar:/home/jailson_anjos/.m2/repository/org/glassfish/hk2/hk2/3.0.3/hk2-3.0.3.jar:/home/jailson_anjos/.m2/repository/org/glassfish/hk2/hk2-utils/3.0.3/hk2-utils-3.0.3.jar:/home/jailson_anjos/.m2/repository/org/glassfish/hk2/hk2-api/3.0.3/hk2-api-3.0.3.jar:/home/jailson_anjos/.m2/repository/org/glassfish/hk2/hk2-core/3.0.3/hk2-core-3.0.3.jar:/home/jailson_anjos/.m2/repository/org/glassfish/hk2/hk2-runlevel/3.0.3/hk2-runlevel-3.0.3.jar:/home/jailson_anjos/.m2/repository/org/glassfish/hk2/class-model/3.0.3/class-model-3.0.3.jar:/home/jailson_anjos/.m2/repository/org/ow2/asm/asm-analysis/9.2/asm-analysis-9.2.jar:/home/jailson_anjos/.m2/repository/org/ow2/asm/asm-commons/9.2/asm-commons-9.2.jar:/home/jailson_anjos/.m2/repository/org/ow2/asm/asm-tree/9.2/asm-tree-9.2.jar:/home/jailson_anjos/.m2/repository/org/ow2/asm/asm-util/9.2/asm-util-9.2.jar:/home/jailson_anjos/.m2/repository/org/glassfish/hk2/spring-bridge/3.0.3/spring-bridge-3.0.3.jar:/home/jailson_anjos/.m2/repository/org/glassfish/jersey/media/jersey-media-json-jackson/3.1.0/jersey-media-json-jackson-3.1.0.jar:/home/jailson_anjos/.m2/repository/org/glassfish/jersey/ext/jersey-entity-filtering/3.1.0/jersey-entity-filtering-3.1.0.jar:/home/jailson_anjos/.m2/repository/com/fasterxml/jackson/core/jackson-annotations/2.14.1/jackson-annotations-2.14.1.jar:/home/jailson_anjos/.m2/repository/com/fasterxml/jackson/module/jackson-module-jakarta-xmlbind-annotations/2.14.1/jackson-module-jakarta-xmlbind-annotations-2.14.1.jar:/home/jailson_anjos/.m2/repository/org/springframework/boot/spring-boot-starter-web/3.0.0/spring-boot-starter-web-3.0.0.jar:/home/jailson_anjos/.m2/repository/org/springframework/boot/spring-boot-starter/3.0.0/spring-boot-starter-3.0.0.jar:/home/jailson_anjos/.m2/repository/org/springframework/boot/spring-boot-starter-logging/3.0.0/spring-boot-starter-logging-3.0.0.jar:/home/jailson_anjos/.m2/repository/ch/qos/logback/logback-classic/1.4.5/logback-classic-1.4.5.jar:/home/jailson_anjos/.m2/repository/ch/qos/logback/logback-core/1.4.5/logback-core-1.4.5.jar:/home/jailson_anjos/.m2/repository/org/apache/logging/log4j/log4j-to-slf4j/2.19.0/log4j-to-slf4j-2.19.0.jar:/home/jailson_anjos/.m2/repository/org/apache/logging/log4j/log4j-api/2.19.0/log4j-api-2.19.0.jar:/home/jailson_anjos/.m2/repository/org/slf4j/jul-to-slf4j/2.0.4/jul-to-slf4j-2.0.4.jar:/home/jailson_anjos/.m2/repository/org/yaml/snakeyaml/1.33/snakeyaml-1.33.jar:/home/jailson_anjos/.m2/repository/org/springframework/spring-webmvc/6.0.2/spring-webmvc-6.0.2.jar:/home/jailson_anjos/.m2/repository/org/springframework/spring-aop/6.0.2/spring-aop-6.0.2.jar:/home/jailson_anjos/.m2/repository/org/springframework/spring-context/6.0.2/spring-context-6.0.2.jar:/home/jailson_anjos/.m2/repository/org/springframework/spring-expression/6.0.2/spring-expression-6.0.2.jar:/home/jailson_anjos/.m2/repository/org/springframework/boot/spring-boot-devtools/3.0.0/spring-boot-devtools-3.0.0.jar:/home/jailson_anjos/.m2/repository/org/springframework/boot/spring-boot/3.0.0/spring-boot-3.0.0.jar:/home/jailson_anjos/.m2/repository/org/springframework/boot/spring-boot-autoconfigure/3.0.0/spring-boot-autoconfigure-3.0.0.jar:/home/jailson_anjos/.m2/repository/org/springframework/boot/spring-boot-starter-test/3.0.0/spring-boot-starter-test-3.0.0.jar:/home/jailson_anjos/.m2/repository/org/springframework/boot/spring-boot-test/3.0.0/spring-boot-test-3.0.0.jar:/home/jailson_anjos/.m2/repository/org/springframework/boot/spring-boot-test-autoconfigure/3.0.0/spring-boot-test-autoconfigure-3.0.0.jar:/home/jailson_anjos/.m2/repository/com/jayway/jsonpath/json-path/2.7.0/json-path-2.7.0.jar:/home/jailson_anjos/.m2/repository/net/minidev/json-smart/2.4.8/json-smart-2.4.8.jar:/home/jailson_anjos/.m2/repository/net/minidev/accessors-smart/2.4.8/accessors-smart-2.4.8.jar:/home/jailson_anjos/.m2/repository/org/ow2/asm/asm/9.1/asm-9.1.jar:/home/jailson_anjos/.m2/repository/org/slf4j/slf4j-api/2.0.4/slf4j-api-2.0.4.jar:/home/jailson_anjos/.m2/repository/jakarta/xml/bind/jakarta.xml.bind-api/4.0.0/jakarta.xml.bind-api-4.0.0.jar:/home/jailson_anjos/.m2/repository/jakarta/activation/jakarta.activation-api/2.1.0/jakarta.activation-api-2.1.0.jar:/home/jailson_anjos/.m2/repository/org/assertj/assertj-core/3.23.1/assertj-core-3.23.1.jar:/home/jailson_anjos/.m2/repository/net/bytebuddy/byte-buddy/1.12.19/byte-buddy-1.12.19.jar:/home/jailson_anjos/.m2/repository/org/hamcrest/hamcrest/2.2/hamcrest-2.2.jar:/home/jailson_anjos/.m2/repository/org/junit/jupiter/junit-jupiter/5.9.1/junit-jupiter-5.9.1.jar:/home/jailson_anjos/.m2/repository/org/junit/jupiter/junit-jupiter-api/5.9.1/junit-jupiter-api-5.9.1.jar:/home/jailson_anjos/.m2/repository/org/opentest4j/opentest4j/1.2.0/opentest4j-1.2.0.jar:/home/jailson_anjos/.m2/repository/org/junit/platform/junit-platform-commons/1.9.1/junit-platform-commons-1.9.1.jar:/home/jailson_anjos/.m2/repository/org/apiguardian/apiguardian-api/1.1.2/apiguardian-api-1.1.2.jar:/home/jailson_anjos/.m2/repository/org/junit/jupiter/junit-jupiter-params/5.9.1/junit-jupiter-params-5.9.1.jar:/home/jailson_anjos/.m2/repository/org/junit/jupiter/junit-jupiter-engine/5.9.1/junit-jupiter-engine-5.9.1.jar:/home/jailson_anjos/.m2/repository/org/junit/platform/junit-platform-engine/1.9.1/junit-platform-engine-1.9.1.jar:/home/jailson_anjos/.m2/repository/org/mockito/mockito-core/4.8.1/mockito-core-4.8.1.jar:/home/jailson_anjos/.m2/repository/net/bytebuddy/byte-buddy-agent/1.12.19/byte-buddy-agent-1.12.19.jar:/home/jailson_anjos/.m2/repository/org/objenesis/objenesis/3.2/objenesis-3.2.jar:/home/jailson_anjos/.m2/repository/org/mockito/mockito-junit-jupiter/4.8.1/mockito-junit-jupiter-4.8.1.jar:/home/jailson_anjos/.m2/repository/org/skyscreamer/jsonassert/1.5.1/jsonassert-1.5.1.jar:/home/jailson_anjos/.m2/repository/com/vaadin/external/google/android-json/0.0.20131108.vaadin1/android-json-0.0.20131108.vaadin1.jar:/home/jailson_anjos/.m2/repository/org/springframework/spring-core/6.0.2/spring-core-6.0.2.jar:/home/jailson_anjos/.m2/repository/org/springframework/spring-jcl/6.0.2/spring-jcl-6.0.2.jar:/home/jailson_anjos/.m2/repository/org/springframework/spring-test/6.0.2/spring-test-6.0.2.jar:/home/jailson_anjos/.m2/repository/org/xmlunit/xmlunit-core/2.9.0/xmlunit-core-2.9.0.jar:"/>
    <property name="java.vm.vendor" value="Eclipse Adoptium"/>
    <property name="sun.arch.data.model" value="64"/>
    <property name="java.vendor.url" value="https://adoptium.net/"/>
    <property name="user.country.format" value="BR"/>
    <property name="os.name" value="Linux"/>
    <property name="java.vm.specification.version" value="17"/>
    <property name="sun.java.launcher" value="SUN_STANDARD"/>
    <property name="user.country" value="US"/>
    <property name="sun.boot.library.path" value="/home/jailson_anjos/.sdkman/candidates/java/17.0.5-tem/lib"/>
    <property name="sun.java.command" value="/home/jailson_anjos/Documents/learning-spring-boot/target/surefire/surefirebooter12302266457217650354.jar /home/jailson_anjos/Documents/learning-spring-boot/target/surefire 2022-12-19T16-13-50_437-jvmRun1 surefire6100253394457963735tmp surefire_015582420682003395081tmp"/>
    <property name="jdk.debug" value="release"/>
    <property name="surefire.test.class.path" value="/home/jailson_anjos/Documents/learning-spring-boot/target/test-classes:/home/jailson_anjos/Documents/learning-spring-boot/target/classes:/home/jailson_anjos/.m2/repository/org/springframework/boot/spring-boot-starter-jersey/3.0.0/spring-boot-starter-jersey-3.0.0.jar:/home/jailson_anjos/.m2/repository/org/springframework/boot/spring-boot-starter-json/3.0.0/spring-boot-starter-json-3.0.0.jar:/home/jailson_anjos/.m2/repository/com/fasterxml/jackson/core/jackson-databind/2.14.1/jackson-databind-2.14.1.jar:/home/jailson_anjos/.m2/repository/com/fasterxml/jackson/core/jackson-core/2.14.1/jackson-core-2.14.1.jar:/home/jailson_anjos/.m2/repository/com/fasterxml/jackson/datatype/jackson-datatype-jdk8/2.14.1/jackson-datatype-jdk8-2.14.1.jar:/home/jailson_anjos/.m2/repository/com/fasterxml/jackson/datatype/jackson-datatype-jsr310/2.14.1/jackson-datatype-jsr310-2.14.1.jar:/home/jailson_anjos/.m2/repository/com/fasterxml/jackson/module/jackson-module-parameter-names/2.14.1/jackson-module-parameter-names-2.14.1.jar:/home/jailson_anjos/.m2/repository/org/springframework/boot/spring-boot-starter-tomcat/3.0.0/spring-boot-starter-tomcat-3.0.0.jar:/home/jailson_anjos/.m2/repository/jakarta/annotation/jakarta.annotation-api/2.1.1/jakarta.annotation-api-2.1.1.jar:/home/jailson_anjos/.m2/repository/org/apache/tomcat/embed/tomcat-embed-core/10.1.1/tomcat-embed-core-10.1.1.jar:/home/jailson_anjos/.m2/repository/org/apache/tomcat/embed/tomcat-embed-el/10.1.1/tomcat-embed-el-10.1.1.jar:/home/jailson_anjos/.m2/repository/org/apache/tomcat/embed/tomcat-embed-websocket/10.1.1/tomcat-embed-websocket-10.1.1.jar:/home/jailson_anjos/.m2/repository/org/springframework/boot/spring-boot-starter-validation/3.0.0/spring-boot-starter-validation-3.0.0.jar:/home/jailson_anjos/.m2/repository/org/hibernate/validator/hibernate-validator/8.0.0.Final/hibernate-validator-8.0.0.Final.jar:/home/jailson_anjos/.m2/repository/org/jboss/logging/jboss-logging/3.5.0.Final/jboss-logging-3.5.0.Final.jar:/home/jailson_anjos/.m2/repository/com/fasterxml/classmate/1.5.1/classmate-1.5.1.jar:/home/jailson_anjos/.m2/repository/org/springframework/spring-web/6.0.2/spring-web-6.0.2.jar:/home/jailson_anjos/.m2/repository/org/springframework/spring-beans/6.0.2/spring-beans-6.0.2.jar:/home/jailson_anjos/.m2/repository/io/micrometer/micrometer-observation/1.10.2/micrometer-observation-1.10.2.jar:/home/jailson_anjos/.m2/repository/io/micrometer/micrometer-commons/1.10.2/micrometer-commons-1.10.2.jar:/home/jailson_anjos/.m2/repository/org/glassfish/jersey/containers/jersey-container-servlet-core/3.1.0/jersey-container-servlet-core-3.1.0.jar:/home/jailson_anjos/.m2/repository/jakarta/inject/jakarta.inject-api/2.0.1/jakarta.inject-api-2.0.1.jar:/home/jailson_anjos/.m2/repository/org/glassfish/jersey/core/jersey-common/3.1.0/jersey-common-3.1.0.jar:/home/jailson_anjos/.m2/repository/org/glassfish/hk2/osgi-resource-locator/1.0.3/osgi-resource-locator-1.0.3.jar:/home/jailson_anjos/.m2/repository/jakarta/ws/rs/jakarta.ws.rs-api/3.1.0/jakarta.ws.rs-api-3.1.0.jar:/home/jailson_anjos/.m2/repository/org/glassfish/jersey/containers/jersey-container-servlet/3.1.0/jersey-container-servlet-3.1.0.jar:/home/jailson_anjos/.m2/repository/org/glassfish/jersey/core/jersey-server/3.1.0/jersey-server-3.1.0.jar:/home/jailson_anjos/.m2/repository/org/glassfish/jersey/core/jersey-client/3.1.0/jersey-client-3.1.0.jar:/home/jailson_anjos/.m2/repository/jakarta/validation/jakarta.validation-api/3.0.2/jakarta.validation-api-3.0.2.jar:/home/jailson_anjos/.m2/repository/org/glassfish/jersey/ext/jersey-bean-validation/3.1.0/jersey-bean-validation-3.1.0.jar:/home/jailson_anjos/.m2/repository/org/glassfish/jersey/ext/jersey-spring6/3.1.0/jersey-spring6-3.1.0.jar:/home/jailson_anjos/.m2/repository/org/glassfish/jersey/inject/jersey-hk2/3.1.0/jersey-hk2-3.1.0.jar:/home/jailson_anjos/.m2/repository/org/glassfish/hk2/hk2-locator/3.0.3/hk2-locator-3.0.3.jar:/home/jailson_anjos/.m2/repository/org/glassfish/hk2/external/aopalliance-repackaged/3.0.3/aopalliance-repackaged-3.0.3.jar:/home/jailson_anjos/.m2/repository/org/javassist/javassist/3.28.0-GA/javassist-3.28.0-GA.jar:/home/jailson_anjos/.m2/repository/org/glassfish/hk2/hk2/3.0.3/hk2-3.0.3.jar:/home/jailson_anjos/.m2/repository/org/glassfish/hk2/hk2-utils/3.0.3/hk2-utils-3.0.3.jar:/home/jailson_anjos/.m2/repository/org/glassfish/hk2/hk2-api/3.0.3/hk2-api-3.0.3.jar:/home/jailson_anjos/.m2/repository/org/glassfish/hk2/hk2-core/3.0.3/hk2-core-3.0.3.jar:/home/jailson_anjos/.m2/repository/org/glassfish/hk2/hk2-runlevel/3.0.3/hk2-runlevel-3.0.3.jar:/home/jailson_anjos/.m2/repository/org/glassfish/hk2/class-model/3.0.3/class-model-3.0.3.jar:/home/jailson_anjos/.m2/repository/org/ow2/asm/asm-analysis/9.2/asm-analysis-9.2.jar:/home/jailson_anjos/.m2/repository/org/ow2/asm/asm-commons/9.2/asm-commons-9.2.jar:/home/jailson_anjos/.m2/repository/org/ow2/asm/asm-tree/9.2/asm-tree-9.2.jar:/home/jailson_anjos/.m2/repository/org/ow2/asm/asm-util/9.2/asm-util-9.2.jar:/home/jailson_anjos/.m2/repository/org/glassfish/hk2/spring-bridge/3.0.3/spring-bridge-3.0.3.jar:/home/jailson_anjos/.m2/repository/org/glassfish/jersey/media/jersey-media-json-jackson/3.1.0/jersey-media-json-jackson-3.1.0.jar:/home/jailson_anjos/.m2/repository/org/glassfish/jersey/ext/jersey-entity-filtering/3.1.0/jersey-entity-filtering-3.1.0.jar:/home/jailson_anjos/.m2/repository/com/fasterxml/jackson/core/jackson-annotations/2.14.1/jackson-annotations-2.14.1.jar:/home/jailson_anjos/.m2/repository/com/fasterxml/jackson/module/jackson-module-jakarta-xmlbind-annotations/2.14.1/jackson-module-jakarta-xmlbind-annotations-2.14.1.jar:/home/jailson_anjos/.m2/repository/org/springframework/boot/spring-boot-starter-web/3.0.0/spring-boot-starter-web-3.0.0.jar:/home/jailson_anjos/.m2/repository/org/springframework/boot/spring-boot-starter/3.0.0/spring-boot-starter-3.0.0.jar:/home/jailson_anjos/.m2/repository/org/springframework/boot/spring-boot-starter-logging/3.0.0/spring-boot-starter-logging-3.0.0.jar:/home/jailson_anjos/.m2/repository/ch/qos/logback/logback-classic/1.4.5/logback-classic-1.4.5.jar:/home/jailson_anjos/.m2/repository/ch/qos/logback/logback-core/1.4.5/logback-core-1.4.5.jar:/home/jailson_anjos/.m2/repository/org/apache/logging/log4j/log4j-to-slf4j/2.19.0/log4j-to-slf4j-2.19.0.jar:/home/jailson_anjos/.m2/repository/org/apache/logging/log4j/log4j-api/2.19.0/log4j-api-2.19.0.jar:/home/jailson_anjos/.m2/repository/org/slf4j/jul-to-slf4j/2.0.4/jul-to-slf4j-2.0.4.jar:/home/jailson_anjos/.m2/repository/org/yaml/snakeyaml/1.33/snakeyaml-1.33.jar:/home/jailson_anjos/.m2/repository/org/springframework/spring-webmvc/6.0.2/spring-webmvc-6.0.2.jar:/home/jailson_anjos/.m2/repository/org/springframework/spring-aop/6.0.2/spring-aop-6.0.2.jar:/home/jailson_anjos/.m2/repository/org/springframework/spring-context/6.0.2/spring-context-6.0.2.jar:/home/jailson_anjos/.m2/repository/org/springframework/spring-expression/6.0.2/spring-expression-6.0.2.jar:/home/jailson_anjos/.m2/repository/org/springframework/boot/spring-boot-devtools/3.0.0/spring-boot-devtools-3.0.0.jar:/home/jailson_anjos/.m2/repository/org/springframework/boot/spring-boot/3.0.0/spring-boot-3.0.0.jar:/home/jailson_anjos/.m2/repository/org/springframework/boot/spring-boot-autoconfigure/3.0.0/spring-boot-autoconfigure-3.0.0.jar:/home/jailson_anjos/.m2/repository/org/springframework/boot/spring-boot-starter-test/3.0.0/spring-boot-starter-test-3.0.0.jar:/home/jailson_anjos/.m2/repository/org/springframework/boot/spring-boot-test/3.0.0/spring-boot-test-3.0.0.jar:/home/jailson_anjos/.m2/repository/org/springframework/boot/spring-boot-test-autoconfigure/3.0.0/spring-boot-test-autoconfigure-3.0.0.jar:/home/jailson_anjos/.m2/repository/com/jayway/jsonpath/json-path/2.7.0/json-path-2.7.0.jar:/home/jailson_anjos/.m2/repository/net/minidev/json-smart/2.4.8/json-smart-2.4.8.jar:/home/jailson_anjos/.m2/repository/net/minidev/accessors-smart/2.4.8/accessors-smart-2.4.8.jar:/home/jailson_anjos/.m2/repository/org/ow2/asm/asm/9.1/asm-9.1.jar:/home/jailson_anjos/.m2/repository/org/slf4j/slf4j-api/2.0.4/slf4j-api-2.0.4.jar:/home/jailson_anjos/.m2/repository/jakarta/xml/bind/jakarta.xml.bind-api/4.0.0/jakarta.xml.bind-api-4.0.0.jar:/home/jailson_anjos/.m2/repository/jakarta/activation/jakarta.activation-api/2.1.0/jakarta.activation-api-2.1.0.jar:/home/jailson_anjos/.m2/repository/org/assertj/assertj-core/3.23.1/assertj-core-3.23.1.jar:/home/jailson_anjos/.m2/repository/net/bytebuddy/byte-buddy/1.12.19/byte-buddy-1.12.19.jar:/home/jailson_anjos/.m2/repository/org/hamcrest/hamcrest/2.2/hamcrest-2.2.jar:/home/jailson_anjos/.m2/repository/org/junit/jupiter/junit-jupiter/5.9.1/junit-jupiter-5.9.1.jar:/home/jailson_anjos/.m2/repository/org/junit/jupiter/junit-jupiter-api/5.9.1/junit-jupiter-api-5.9.1.jar:/home/jailson_anjos/.m2/repository/org/opentest4j/opentest4j/1.2.0/opentest4j-1.2.0.jar:/home/jailson_anjos/.m2/repository/org/junit/platform/junit-platform-commons/1.9.1/junit-platform-commons-1.9.1.jar:/home/jailson_anjos/.m2/repository/org/apiguardian/apiguardian-api/1.1.2/apiguardian-api-1.1.2.jar:/home/jailson_anjos/.m2/repository/org/junit/jupiter/junit-jupiter-params/5.9.1/junit-jupiter-params-5.9.1.jar:/home/jailson_anjos/.m2/repository/org/junit/jupiter/junit-jupiter-engine/5.9.1/junit-jupiter-engine-5.9.1.jar:/home/jailson_anjos/.m2/repository/org/junit/platform/junit-platform-engine/1.9.1/junit-platform-engine-1.9.1.jar:/home/jailson_anjos/.m2/repository/org/mockito/mockito-core/4.8.1/mockito-core-4.8.1.jar:/home/jailson_anjos/.m2/repository/net/bytebuddy/byte-buddy-agent/1.12.19/byte-buddy-agent-1.12.19.jar:/home/jailson_anjos/.m2/repository/org/objenesis/objenesis/3.2/objenesis-3.2.jar:/home/jailson_anjos/.m2/repository/org/mockito/mockito-junit-jupiter/4.8.1/mockito-junit-jupiter-4.8.1.jar:/home/jailson_anjos/.m2/repository/org/skyscreamer/jsonassert/1.5.1/jsonassert-1.5.1.jar:/home/jailson_anjos/.m2/repository/com/vaadin/external/google/android-json/0.0.20131108.vaadin1/android-json-0.0.20131108.vaadin1.jar:/home/jailson_anjos/.m2/repository/org/springframework/spring-core/6.0.2/spring-core-6.0.2.jar:/home/jailson_anjos/.m2/repository/org/springframework/spring-jcl/6.0.2/spring-jcl-6.0.2.jar:/home/jailson_anjos/.m2/repository/org/springframework/spring-test/6.0.2/spring-test-6.0.2.jar:/home/jailson_anjos/.m2/repository/org/xmlunit/xmlunit-core/2.9.0/xmlunit-core-2.9.0.jar:"/>
    <property name="sun.cpu.endian" value="little"/>
    <property name="user.home" value="/home/jailson_anjos"/>
    <property name="user.language" value="en"/>
    <property name="java.specification.vendor" value="Oracle Corporation"/>
    <property name="java.version.date" value="2022-10-18"/>
    <property name="java.home" value="/home/jailson_anjos/.sdkman/candidates/java/17.0.5-tem"/>
    <property name="file.separator" value="/"/>
    <property name="basedir" value="/home/jailson_anjos/Documents/learning-spring-boot"/>
    <property name="java.vm.compressedOopsMode" value="Zero based"/>
    <property name="line.separator" value="&#10;"/>
    <property name="java.specification.name" value="Java Platform API Specification"/>
    <property name="java.vm.specification.vendor" value="Oracle Corporation"/>
    <property name="surefire.real.class.path" value="/home/jailson_anjos/Documents/learning-spring-boot/target/surefire/surefirebooter12302266457217650354.jar"/>
    <property name="sun.management.compiler" value="HotSpot 64-Bit Tiered Compilers"/>
    <property name="java.runtime.version" value="17.0.5+8"/>
    <property name="user.name" value="jailson_anjos"/>
    <property name="path.separator" value=":"/>
    <property name="os.version" value="5.15.0-56-generic"/>
    <property name="java.runtime.name" value="OpenJDK Runtime Environment"/>
    <property name="file.encoding" value="UTF-8"/>
    <property name="java.vm.name" value="OpenJDK 64-Bit Server VM"/>
    <property name="java.vendor.version" value="Temurin-17.0.5+8"/>
    <property name="localRepository" value="/home/jailson_anjos/.m2/repository"/>
    <property name="java.vendor.url.bug" value="https://github.com/adoptium/adoptium-support/issues"/>
    <property name="java.io.tmpdir" value="/tmp"/>
    <property name="java.version" value="17.0.5"/>
    <property name="user.dir" value="/home/jailson_anjos/Documents/learning-spring-boot"/>
    <property name="os.arch" value="amd64"/>
    <property name="java.vm.specification.name" value="Java Virtual Machine Specification"/>
    <property name="user.language.format" value="pt"/>
    <property name="native.encoding" value="UTF-8"/>
    <property name="java.library.path" value="/usr/java/packages/lib:/usr/lib64:/lib64:/lib:/usr/lib"/>
    <property name="java.vm.info" value="mixed mode, sharing"/>
    <property name="java.vendor" value="Eclipse Adoptium"/>
    <property name="java.vm.version" value="17.0.5+8"/>
    <property name="sun.io.unicode.encoding" value="UnicodeLittle"/>
    <property name="java.class.version" value="61.0"/>
  </properties>
  <testcase name="contextLoads" classname="com.jailson.learningspringboot.LearningSpringBootApplicationTests" time="0.266"/>
</testsuite>